{
  "RSpec": {
    "coverage": {
      "/home/baker/Documents/hacker_fellows/project/loopdo/service.rb": [
        null,
        1,
        1,
        1,
        28,
        28,
        28,
        null,
        null,
        null,
        1,
        1,
        1,
        null,
        null,
        1,
        1,
        null,
        null
      ],
      "/home/baker/Documents/hacker_fellows/project/loopdo/serviceProvider.rb": [
        1,
        1,
        1,
        15,
        15,
        15,
        15,
        15,
        null,
        null,
        null,
        1,
        2,
        2,
        1,
        null,
        null,
        null,
        null,
        null,
        1,
        0,
        0,
        0,
        null,
        null,
        null,
        1,
        0,
        0,
        0,
        0,
        null,
        0,
        null,
        null,
        1,
        0,
        0,
        0,
        0,
        0,
        null,
        0,
        null,
        null,
        1,
        10,
        13,
        9,
        null,
        null,
        1,
        null,
        null,
        null,
        1,
        13,
        null,
        null,
        null,
        1,
        null,
        8,
        null,
        null,
        8,
        null,
        null,
        null,
        null,
        null,
        null,
        null,
        null,
        null,
        null,
        null,
        null,
        null,
        8,
        null,
        null,
        8,
        8,
        8,
        null,
        null,
        4,
        0,
        0,
        0,
        null,
        null,
        null,
        null,
        null,
        4,
        2,
        null,
        null,
        null,
        8,
        8,
        null,
        null,
        0,
        0,
        0,
        0,
        null,
        null,
        null,
        null,
        0,
        0,
        0,
        null,
        null,
        null,
        null,
        null,
        8,
        null,
        null,
        null,
        null,
        1,
        null,
        6,
        5,
        5,
        5,
        5,
        null,
        1,
        1,
        1,
        null,
        null,
        null,
        1,
        null,
        1,
        null,
        null,
        null,
        null
      ],
      "/home/baker/Documents/hacker_fellows/project/loopdo/appointment.rb": [
        1,
        1,
        1,
        12,
        12,
        12,
        12,
        null,
        null,
        null,
        1,
        1,
        1,
        null,
        null,
        1,
        1,
        1,
        0,
        null,
        1,
        null,
        null,
        null
      ],
      "/home/baker/Documents/hacker_fellows/project/loopdo/timeblock.rb": [
        1,
        1,
        1,
        22,
        22,
        22,
        22,
        22,
        22,
        22,
        null,
        null,
        null,
        1,
        null,
        1,
        1,
        1,
        null,
        null,
        1,
        null,
        null,
        1,
        1,
        1,
        1,
        null,
        1,
        1,
        1,
        null,
        null,
        1,
        null,
        null,
        5,
        null,
        5,
        null,
        5,
        null,
        null,
        1,
        null,
        null,
        1,
        1,
        1,
        1,
        null,
        1,
        null,
        null,
        1,
        null,
        null,
        1,
        null,
        null,
        1,
        0,
        null,
        null,
        1,
        1,
        1,
        null,
        null,
        1,
        1,
        null,
        null
      ],
      "/home/baker/Documents/hacker_fellows/project/loopdo/print.rb": [
        null,
        1,
        5,
        5,
        null,
        null,
        1,
        0,
        0,
        0,
        0,
        null,
        null,
        1,
        0,
        0,
        0,
        0,
        null,
        0,
        0,
        null,
        null,
        1,
        0,
        0,
        0,
        0,
        null,
        0,
        0,
        null
      ],
      "/home/baker/Documents/hacker_fellows/project/loopdo/init.rb": [
        null,
        null,
        1,
        2,
        2,
        null,
        null,
        null,
        null,
        2,
        null,
        null,
        null,
        null,
        2,
        2,
        null,
        2,
        2,
        2,
        2,
        2,
        null,
        2,
        2,
        2,
        2,
        null
      ],
      "/home/baker/Documents/hacker_fellows/project/loopdo/colors.rb": [
        1,
        1,
        1,
        1,
        1,
        1,
        1,
        null,
        1,
        1,
        1,
        1,
        1,
        1,
        1,
        1,
        null,
        1,
        1,
        1,
        1,
        1,
        1,
        1,
        1
      ],
      "/home/baker/Documents/hacker_fellows/project/loopdo/availability.rb": [
        null,
        1,
        1,
        1,
        1,
        1,
        1,
        null,
        null,
        null,
        1,
        1,
        1,
        null,
        null,
        null
      ]
    },
    "timestamp": 1560477396
  }
}
